<?xml version="1.0" encoding="UTF-8"?>
<!-- Generated by org.testng.reporters.JUnitReportReporter -->
<testsuite hostname="DESKTOP-RKGD9EL" failures="0" tests="1" name="TestNgWithPriority.WithPriority" time="0.016" errors="0" timestamp="08 May 2019 11:16:26 GMT" skipped="0">
  <testcase classname="TestNgWithPriority.WithPriority" name="Two" time="0.016"/>
</testsuite> <!-- TestNgWithPriority.WithPriority -->
