<?xml version="1.0" encoding="UTF-8"?>
<!-- Generated by org.testng.reporters.JUnitReportReporter -->
<testsuite hostname="DESKTOP-RKGD9EL" failures="0" tests="4" name="TestNgWithoutPriority.NoPriority" time="0.018" errors="0" timestamp="08 May 2019 10:52:54 GMT" skipped="0">
  <testcase classname="TestNgWithoutPriority.NoPriority" name="four" time="0.002"/>
  <testcase classname="TestNgWithoutPriority.NoPriority" name="One" time="0.012"/>
  <testcase classname="TestNgWithoutPriority.NoPriority" name="two" time="0.002"/>
  <testcase classname="TestNgWithoutPriority.NoPriority" name="Three" time="0.002"/>
</testsuite> <!-- TestNgWithoutPriority.NoPriority -->
