<?xml version="1.0" encoding="UTF-8"?>
<!-- Generated by org.testng.reporters.JUnitReportReporter -->
<testsuite hostname="DESKTOP-RKGD9EL" failures="0" tests="2" name="TestNgAnnotations.Annotations" time="0.012" errors="0" timestamp="08 May 2019 10:42:13 GMT" skipped="0">
  <testcase classname="TestNgAnnotations.Annotations" name="testCase2" time="0.006"/>
  <testcase classname="TestNgAnnotations.Annotations" name="testCase1" time="0.006"/>
</testsuite> <!-- TestNgAnnotations.Annotations -->
